[0.969s] Invoking command in '/home/davide/Politecnico Di Torino Studenti Dropbox/Davide Alban/Robotics_project/ros2_quadcopter_ws/src/controller/controller_pkg': PYTHONPATH=/home/davide/Politecnico Di Torino Studenti Dropbox/Davide Alban/Robotics_project/ros2_quadcopter_ws/build/controller_pkg/prefix_override:/usr/lib/python3/dist-packages/colcon_core/task/python/colcon_distutils_commands:/home/davide/Politecnico Di Torino Studenti Dropbox/Davide Alban/Robotics_project/ros2_quadcopter_ws/install/controller_pkg/lib/python3.10/site-packages:${PYTHONPATH} /usr/bin/python3 -W ignore:setup.py install is deprecated -W ignore:easy_install command is deprecated setup.py egg_info --egg-base ../../../build/controller_pkg build --build-base /home/davide/Politecnico Di Torino Studenti Dropbox/Davide Alban/Robotics_project/ros2_quadcopter_ws/build/controller_pkg/build install --record /home/davide/Politecnico Di Torino Studenti Dropbox/Davide Alban/Robotics_project/ros2_quadcopter_ws/build/controller_pkg/install.log --single-version-externally-managed install_data
[1.281s] running egg_info
[1.281s] creating ../../../build/controller_pkg/controller_pkg.egg-info
[1.281s] writing ../../../build/controller_pkg/controller_pkg.egg-info/PKG-INFO
[1.282s] writing dependency_links to ../../../build/controller_pkg/controller_pkg.egg-info/dependency_links.txt
[1.282s] writing entry points to ../../../build/controller_pkg/controller_pkg.egg-info/entry_points.txt
[1.282s] writing requirements to ../../../build/controller_pkg/controller_pkg.egg-info/requires.txt
[1.282s] writing top-level names to ../../../build/controller_pkg/controller_pkg.egg-info/top_level.txt
[1.282s] writing manifest file '../../../build/controller_pkg/controller_pkg.egg-info/SOURCES.txt'
[1.284s] reading manifest file '../../../build/controller_pkg/controller_pkg.egg-info/SOURCES.txt'
[1.285s] adding license file 'LICENSE'
[1.285s] writing manifest file '../../../build/controller_pkg/controller_pkg.egg-info/SOURCES.txt'
[1.285s] running build
[1.286s] running build_py
[1.286s] creating /home/davide/Politecnico Di Torino Studenti Dropbox/Davide Alban/Robotics_project/ros2_quadcopter_ws/build/controller_pkg/build
[1.286s] creating /home/davide/Politecnico Di Torino Studenti Dropbox/Davide Alban/Robotics_project/ros2_quadcopter_ws/build/controller_pkg/build/lib
[1.286s] creating /home/davide/Politecnico Di Torino Studenti Dropbox/Davide Alban/Robotics_project/ros2_quadcopter_ws/build/controller_pkg/build/lib/controller_pkg
[1.286s] copying controller_pkg/open_node.py -> /home/davide/Politecnico Di Torino Studenti Dropbox/Davide Alban/Robotics_project/ros2_quadcopter_ws/build/controller_pkg/build/lib/controller_pkg
[1.286s] copying controller_pkg/server.py -> /home/davide/Politecnico Di Torino Studenti Dropbox/Davide Alban/Robotics_project/ros2_quadcopter_ws/build/controller_pkg/build/lib/controller_pkg
[1.286s] copying controller_pkg/solver_generator_ros.py -> /home/davide/Politecnico Di Torino Studenti Dropbox/Davide Alban/Robotics_project/ros2_quadcopter_ws/build/controller_pkg/build/lib/controller_pkg
[1.286s] copying controller_pkg/__init__.py -> /home/davide/Politecnico Di Torino Studenti Dropbox/Davide Alban/Robotics_project/ros2_quadcopter_ws/build/controller_pkg/build/lib/controller_pkg
[1.287s] running install
[1.287s] running install_lib
[1.288s] creating /home/davide/Politecnico Di Torino Studenti Dropbox/Davide Alban/Robotics_project/ros2_quadcopter_ws/install/controller_pkg/lib/python3.10/site-packages/controller_pkg
[1.288s] copying /home/davide/Politecnico Di Torino Studenti Dropbox/Davide Alban/Robotics_project/ros2_quadcopter_ws/build/controller_pkg/build/lib/controller_pkg/open_node.py -> /home/davide/Politecnico Di Torino Studenti Dropbox/Davide Alban/Robotics_project/ros2_quadcopter_ws/install/controller_pkg/lib/python3.10/site-packages/controller_pkg
[1.288s] copying /home/davide/Politecnico Di Torino Studenti Dropbox/Davide Alban/Robotics_project/ros2_quadcopter_ws/build/controller_pkg/build/lib/controller_pkg/server.py -> /home/davide/Politecnico Di Torino Studenti Dropbox/Davide Alban/Robotics_project/ros2_quadcopter_ws/install/controller_pkg/lib/python3.10/site-packages/controller_pkg
[1.289s] copying /home/davide/Politecnico Di Torino Studenti Dropbox/Davide Alban/Robotics_project/ros2_quadcopter_ws/build/controller_pkg/build/lib/controller_pkg/solver_generator_ros.py -> /home/davide/Politecnico Di Torino Studenti Dropbox/Davide Alban/Robotics_project/ros2_quadcopter_ws/install/controller_pkg/lib/python3.10/site-packages/controller_pkg
[1.289s] copying /home/davide/Politecnico Di Torino Studenti Dropbox/Davide Alban/Robotics_project/ros2_quadcopter_ws/build/controller_pkg/build/lib/controller_pkg/__init__.py -> /home/davide/Politecnico Di Torino Studenti Dropbox/Davide Alban/Robotics_project/ros2_quadcopter_ws/install/controller_pkg/lib/python3.10/site-packages/controller_pkg
[1.289s] byte-compiling /home/davide/Politecnico Di Torino Studenti Dropbox/Davide Alban/Robotics_project/ros2_quadcopter_ws/install/controller_pkg/lib/python3.10/site-packages/controller_pkg/open_node.py to open_node.cpython-310.pyc
[1.295s] byte-compiling /home/davide/Politecnico Di Torino Studenti Dropbox/Davide Alban/Robotics_project/ros2_quadcopter_ws/install/controller_pkg/lib/python3.10/site-packages/controller_pkg/server.py to server.cpython-310.pyc
[1.295s] byte-compiling /home/davide/Politecnico Di Torino Studenti Dropbox/Davide Alban/Robotics_project/ros2_quadcopter_ws/install/controller_pkg/lib/python3.10/site-packages/controller_pkg/solver_generator_ros.py to solver_generator_ros.cpython-310.pyc
[1.297s] byte-compiling /home/davide/Politecnico Di Torino Studenti Dropbox/Davide Alban/Robotics_project/ros2_quadcopter_ws/install/controller_pkg/lib/python3.10/site-packages/controller_pkg/__init__.py to __init__.cpython-310.pyc
[1.297s] running install_data
[1.297s] creating /home/davide/Politecnico Di Torino Studenti Dropbox/Davide Alban/Robotics_project/ros2_quadcopter_ws/install/controller_pkg/share/ament_index
[1.297s] creating /home/davide/Politecnico Di Torino Studenti Dropbox/Davide Alban/Robotics_project/ros2_quadcopter_ws/install/controller_pkg/share/ament_index/resource_index
[1.297s] creating /home/davide/Politecnico Di Torino Studenti Dropbox/Davide Alban/Robotics_project/ros2_quadcopter_ws/install/controller_pkg/share/ament_index/resource_index/packages
[1.297s] copying resource/controller_pkg -> /home/davide/Politecnico Di Torino Studenti Dropbox/Davide Alban/Robotics_project/ros2_quadcopter_ws/install/controller_pkg/share/ament_index/resource_index/packages
[1.297s] copying package.xml -> /home/davide/Politecnico Di Torino Studenti Dropbox/Davide Alban/Robotics_project/ros2_quadcopter_ws/install/controller_pkg/share/controller_pkg
[1.297s] running install_egg_info
[1.299s] Copying ../../../build/controller_pkg/controller_pkg.egg-info to /home/davide/Politecnico Di Torino Studenti Dropbox/Davide Alban/Robotics_project/ros2_quadcopter_ws/install/controller_pkg/lib/python3.10/site-packages/controller_pkg-0.0.0-py3.10.egg-info
[1.300s] running install_scripts
[1.325s] Installing control_input_converter script to /home/davide/Politecnico Di Torino Studenti Dropbox/Davide Alban/Robotics_project/ros2_quadcopter_ws/install/controller_pkg/lib/controller_pkg
[1.325s] Installing controller_node script to /home/davide/Politecnico Di Torino Studenti Dropbox/Davide Alban/Robotics_project/ros2_quadcopter_ws/install/controller_pkg/lib/controller_pkg
[1.325s] Installing controller_node_basic script to /home/davide/Politecnico Di Torino Studenti Dropbox/Davide Alban/Robotics_project/ros2_quadcopter_ws/install/controller_pkg/lib/controller_pkg
[1.325s] Installing controller_node_conversion script to /home/davide/Politecnico Di Torino Studenti Dropbox/Davide Alban/Robotics_project/ros2_quadcopter_ws/install/controller_pkg/lib/controller_pkg
[1.325s] Installing input_signal_producer_node script to /home/davide/Politecnico Di Torino Studenti Dropbox/Davide Alban/Robotics_project/ros2_quadcopter_ws/install/controller_pkg/lib/controller_pkg
[1.326s] Installing open_node script to /home/davide/Politecnico Di Torino Studenti Dropbox/Davide Alban/Robotics_project/ros2_quadcopter_ws/install/controller_pkg/lib/controller_pkg
[1.326s] writing list of installed files to '/home/davide/Politecnico Di Torino Studenti Dropbox/Davide Alban/Robotics_project/ros2_quadcopter_ws/build/controller_pkg/install.log'
[1.361s] Invoked command in '/home/davide/Politecnico Di Torino Studenti Dropbox/Davide Alban/Robotics_project/ros2_quadcopter_ws/src/controller/controller_pkg' returned '0': PYTHONPATH=/home/davide/Politecnico Di Torino Studenti Dropbox/Davide Alban/Robotics_project/ros2_quadcopter_ws/build/controller_pkg/prefix_override:/usr/lib/python3/dist-packages/colcon_core/task/python/colcon_distutils_commands:/home/davide/Politecnico Di Torino Studenti Dropbox/Davide Alban/Robotics_project/ros2_quadcopter_ws/install/controller_pkg/lib/python3.10/site-packages:${PYTHONPATH} /usr/bin/python3 -W ignore:setup.py install is deprecated -W ignore:easy_install command is deprecated setup.py egg_info --egg-base ../../../build/controller_pkg build --build-base /home/davide/Politecnico Di Torino Studenti Dropbox/Davide Alban/Robotics_project/ros2_quadcopter_ws/build/controller_pkg/build install --record /home/davide/Politecnico Di Torino Studenti Dropbox/Davide Alban/Robotics_project/ros2_quadcopter_ws/build/controller_pkg/install.log --single-version-externally-managed install_data
