[0.343s] Invoking command in '/home/davide/Politecnico Di Torino Studenti Dropbox/Davide Alban/Robotics_project/ros2_quadcopter_ws/build/simple_quad': CMAKE_PREFIX_PATH=${CMAKE_PREFIX_PATH}:/home/davide/Politecnico Di Torino Studenti Dropbox/Davide Alban/Robotics_project/ros2_quadcopter_ws/install/tf_transformations:/home/davide/Politecnico Di Torino Studenti Dropbox/Davide Alban/Robotics_project/ros2_quadcopter_ws/install/controller_pkg:/opt/ros/humble /usr/bin/cmake /home/davide/Politecnico Di Torino Studenti Dropbox/Davide Alban/Robotics_project/ros2_quadcopter_ws/src/simple_quadcopter_gazebo -DCMAKE_INSTALL_PREFIX=/home/davide/Politecnico Di Torino Studenti Dropbox/Davide Alban/Robotics_project/ros2_quadcopter_ws/install/simple_quad
[0.453s] -- The C compiler identification is GNU 11.4.0
[0.559s] -- The CXX compiler identification is GNU 11.4.0
[0.572s] -- Detecting C compiler ABI info
[0.644s] -- Detecting C compiler ABI info - done
[0.658s] -- Check for working C compiler: /usr/bin/cc - skipped
[0.658s] -- Detecting C compile features
[0.659s] -- Detecting C compile features - done
[0.663s] -- Detecting CXX compiler ABI info
[0.742s] -- Detecting CXX compiler ABI info - done
[0.756s] -- Check for working CXX compiler: /usr/bin/c++ - skipped
[0.756s] -- Detecting CXX compile features
[0.757s] -- Detecting CXX compile features - done
[0.764s] -- Found ament_cmake: 1.3.11 (/opt/ros/humble/share/ament_cmake/cmake)
[0.931s] -- Found Python3: /usr/bin/python3 (found version "3.10.12") found components: Interpreter 
[1.059s] -- Found camera_info_manager: 3.1.10 (/opt/ros/humble/share/camera_info_manager/cmake)
[1.130s] -- Found rosidl_generator_c: 3.1.6 (/opt/ros/humble/share/rosidl_generator_c/cmake)
[1.137s] -- Found rosidl_adapter: 3.1.6 (/opt/ros/humble/share/rosidl_adapter/cmake)
[1.150s] -- Found rosidl_generator_cpp: 3.1.6 (/opt/ros/humble/share/rosidl_generator_cpp/cmake)
[1.169s] -- Using all available rosidl_typesupport_c: rosidl_typesupport_fastrtps_c;rosidl_typesupport_introspection_c
[1.192s] -- Using all available rosidl_typesupport_cpp: rosidl_typesupport_fastrtps_cpp;rosidl_typesupport_introspection_cpp
[1.250s] -- Found rmw_implementation_cmake: 6.1.2 (/opt/ros/humble/share/rmw_implementation_cmake/cmake)
[1.254s] -- Found rmw_fastrtps_cpp: 6.2.7 (/opt/ros/humble/share/rmw_fastrtps_cpp/cmake)
[1.378s] -- Found OpenSSL: /usr/lib/x86_64-linux-gnu/libcrypto.so (found version "3.0.2")  
[1.415s] -- Found FastRTPS: /opt/ros/humble/include  
[1.460s] -- Using RMW implementation 'rmw_fastrtps_cpp' as default
[1.474s] -- Looking for pthread.h
[1.555s] -- Looking for pthread.h - found
[1.555s] -- Performing Test CMAKE_HAVE_LIBC_PTHREAD
[1.630s] -- Performing Test CMAKE_HAVE_LIBC_PTHREAD - Success
[1.631s] -- Found Threads: TRUE  
[1.749s] -- Found gazebo_dev: 3.9.0 (/opt/ros/humble/share/gazebo_dev/cmake)
[1.756s] -- Found PkgConfig: /usr/bin/pkg-config (found version "0.29.2") 
[1.758s] -- Checking for module 'bullet>=2.82'
[1.771s] --   Found bullet, version 3.05
[1.869s] -- Found fcl: /usr/include (found suitable version "0.7.0", minimum required is "0.5.0") 
[1.916s] -- Found assimp: /usr/include (found version "5.2.0") 
[1.949s] -- Found DART: /usr/include (Required is at least version "6.6") found components: dart 
[1.986s] -- Found Boost: /usr/lib/x86_64-linux-gnu/cmake/Boost-1.74.0/BoostConfig.cmake (found suitable version "1.74.0", minimum required is "1.40.0") found components: thread system filesystem program_options regex iostreams date_time 
[2.013s] -- Found Protobuf: /usr/lib/x86_64-linux-gnu/libprotobuf.so (found version "3.12.4") 
[2.022s] -- Looking for ignition-math6 -- found version 6.15.1
[2.035s] -- Searching for dependencies of ignition-math6
[2.037s] -- Looking for OGRE...
[2.038s] -- OGRE_PREFIX_WATCH changed.
[2.044s] -- Checking for module 'OGRE'
[2.058s] --   Found OGRE, version 1.9.0
[2.090s] -- Found Ogre Ghadamon (1.9.0)
[2.101s] -- Found OGRE: optimized;/usr/lib/x86_64-linux-gnu/libOgreMain.so;debug;/usr/lib/x86_64-linux-gnu/libOgreMain.so
[2.114s] -- Looking for OGRE_Paging...
[2.124s] -- Found OGRE_Paging: optimized;/usr/lib/x86_64-linux-gnu/libOgrePaging.so;debug;/usr/lib/x86_64-linux-gnu/libOgrePaging.so
[2.125s] -- Looking for OGRE_Terrain...
[2.131s] -- Found OGRE_Terrain: optimized;/usr/lib/x86_64-linux-gnu/libOgreTerrain.so;debug;/usr/lib/x86_64-linux-gnu/libOgreTerrain.so
[2.132s] -- Looking for OGRE_Property...
[2.139s] -- Found OGRE_Property: optimized;/usr/lib/x86_64-linux-gnu/libOgreProperty.so;debug;/usr/lib/x86_64-linux-gnu/libOgreProperty.so
[2.139s] -- Looking for OGRE_RTShaderSystem...
[2.148s] -- Found OGRE_RTShaderSystem: optimized;/usr/lib/x86_64-linux-gnu/libOgreRTShaderSystem.so;debug;/usr/lib/x86_64-linux-gnu/libOgreRTShaderSystem.so
[2.148s] -- Looking for OGRE_Volume...
[2.155s] -- Found OGRE_Volume: optimized;/usr/lib/x86_64-linux-gnu/libOgreVolume.so;debug;/usr/lib/x86_64-linux-gnu/libOgreVolume.so
[2.155s] -- Looking for OGRE_Overlay...
[2.163s] -- Found OGRE_Overlay: optimized;/usr/lib/x86_64-linux-gnu/libOgreOverlay.so;debug;/usr/lib/x86_64-linux-gnu/libOgreOverlay.so
[2.283s] -- Looking for ignition-math6 -- found version 6.15.1
[2.286s] -- Looking for ignition-transport8 -- found version 8.2.1
[2.287s] -- Searching for dependencies of ignition-transport8
[2.310s] -- Found Protobuf: /usr/lib/x86_64-linux-gnu/libprotobuf.so (found suitable version "3.12.4", minimum required is "3") 
[2.326s] -- Config-file not installed for ZeroMQ -- checking for pkg-config
[2.331s] -- Checking for module 'libzmq >= 4'
[2.346s] --   Found libzmq , version 4.3.4
[2.379s] -- Found ZeroMQ: TRUE (Required is at least version "4") 
[2.385s] -- Checking for module 'uuid'
[2.398s] --   Found uuid, version 2.37.2
[2.428s] -- Found UUID: TRUE  
[2.432s] -- Looking for ignition-msgs5 -- found version 5.8.1
[2.432s] -- Searching for dependencies of ignition-msgs5
[2.452s] -- Looking for ignition-math6 -- found version 6.15.1
[2.457s] -- Checking for module 'tinyxml2'
[2.469s] --   Found tinyxml2, version 9.0.0
[2.499s] -- Looking for ignition-msgs5 -- found version 5.8.1
[2.502s] -- Looking for ignition-common3 -- found version 3.14.0
[2.502s] -- Searching for dependencies of ignition-common3
[2.503s] -- Looking for dlfcn.h - found
[2.504s] -- Looking for libdl - found
[2.506s] -- Found DL: TRUE  
[2.519s] -- Found tinyobjloader: /usr/lib/x86_64-linux-gnu/cmake/tinyobjloader/tinyobjloader-config.cmake (found version "2.0.0") 
[2.520s] -- Searching for <ignition-common3> component [graphics]
[2.522s] -- Looking for ignition-common3-graphics -- found version 3.14.0
[2.523s] -- Searching for dependencies of ignition-common3-graphics
[2.523s] -- Looking for ignition-math6 -- found version 6.15.1
[2.527s] -- Looking for ignition-fuel_tools4 -- found version 4.4.0
[2.528s] -- Searching for dependencies of ignition-fuel_tools4
[2.593s] -- Found CURL: /usr/lib/x86_64-linux-gnu/libcurl.so (found version "7.81.0")  
[2.603s] -- Checking for module 'jsoncpp'
[2.618s] --   Found jsoncpp, version 1.9.5
[2.647s] -- Found JSONCPP: TRUE  
[2.653s] -- Checking for module 'libzip'
[2.665s] --   Found libzip, version 1.7.3
[2.693s] -- Found ZIP: TRUE  
[2.693s] -- Looking for ignition-common3 -- found version 3.14.0
[2.694s] -- Looking for ignition-math6 -- found version 6.15.1
[2.694s] -- Looking for ignition-msgs5 -- found version 5.8.1
[2.699s] -- Gazebo version: 11.10
[2.700s] -- Checking for module 'tbb'
[2.713s] --   Found tbb, version 2021.5.0
[2.748s] -- Found gazebo_msgs: 3.7.0 (/opt/ros/humble/share/gazebo_msgs/cmake)
[2.797s] -- Found gazebo_ros: 3.9.0 (/opt/ros/humble/share/gazebo_ros/cmake)
[2.804s] -- Found image_transport: 3.1.10 (/opt/ros/humble/share/image_transport/cmake)
[2.842s] -- Found cv_bridge: 3.2.1 (/opt/ros/humble/share/cv_bridge/cmake)
[2.856s] -- Found nav_msgs: 4.2.4 (/opt/ros/humble/share/nav_msgs/cmake)
[2.879s] -- Found std_srvs: 4.2.4 (/opt/ros/humble/share/std_srvs/cmake)
[2.894s] -- Found tf2: 0.25.9 (/opt/ros/humble/share/tf2/cmake)
[2.902s] -- Found tf2_geometry_msgs: 0.25.9 (/opt/ros/humble/share/tf2_geometry_msgs/cmake)
[2.914s] -- Found eigen3_cmake_module: 0.1.1 (/opt/ros/humble/share/eigen3_cmake_module/cmake)
[2.916s] -- Found Eigen3: TRUE (found version "3.4.0") 
[2.916s] -- Ensuring Eigen3 include directory is part of orocos-kdl CMake target
[3.035s] -- Found ament_lint_auto: 0.12.11 (/opt/ros/humble/share/ament_lint_auto/cmake)
[3.126s] -- Added test 'copyright' to check source files copyright and LICENSE
[3.131s] -- Added test 'cppcheck' to perform static code analysis on C / C++ code
[3.131s] -- Configured cppcheck include dirs: /home/davide/Politecnico Di Torino Studenti Dropbox/Davide Alban/Robotics_project/ros2_quadcopter_ws/src/simple_quadcopter_gazebo/include
[3.131s] -- Configured cppcheck exclude dirs and/or files: 
[3.136s] -- Added test 'cpplint' to check C / C++ code against the Google style
[3.136s] -- Configured cpplint exclude dirs and/or files: 
[3.137s] -- Added test 'flake8' to check Python code syntax and style conventions
[3.139s] -- Added test 'lint_cmake' to check CMake code style
[3.140s] -- Added test 'pep257' to check Python code against some of the docstring style conventions in PEP 257
[3.145s] -- Added test 'uncrustify' to check C / C++ code style
[3.145s] -- Configured uncrustify additional arguments: 
[3.147s] -- Added test 'xmllint' to check XML markup files
[3.149s] -- Configuring done
[3.184s] -- Generating done
[3.193s] -- Build files have been written to: /home/davide/Politecnico Di Torino Studenti Dropbox/Davide Alban/Robotics_project/ros2_quadcopter_ws/build/simple_quad
[3.211s] Invoked command in '/home/davide/Politecnico Di Torino Studenti Dropbox/Davide Alban/Robotics_project/ros2_quadcopter_ws/build/simple_quad' returned '0': CMAKE_PREFIX_PATH=${CMAKE_PREFIX_PATH}:/home/davide/Politecnico Di Torino Studenti Dropbox/Davide Alban/Robotics_project/ros2_quadcopter_ws/install/tf_transformations:/home/davide/Politecnico Di Torino Studenti Dropbox/Davide Alban/Robotics_project/ros2_quadcopter_ws/install/controller_pkg:/opt/ros/humble /usr/bin/cmake /home/davide/Politecnico Di Torino Studenti Dropbox/Davide Alban/Robotics_project/ros2_quadcopter_ws/src/simple_quadcopter_gazebo -DCMAKE_INSTALL_PREFIX=/home/davide/Politecnico Di Torino Studenti Dropbox/Davide Alban/Robotics_project/ros2_quadcopter_ws/install/simple_quad
[3.214s] Invoking command in '/home/davide/Politecnico Di Torino Studenti Dropbox/Davide Alban/Robotics_project/ros2_quadcopter_ws/build/simple_quad': CMAKE_PREFIX_PATH=${CMAKE_PREFIX_PATH}:/home/davide/Politecnico Di Torino Studenti Dropbox/Davide Alban/Robotics_project/ros2_quadcopter_ws/install/tf_transformations:/home/davide/Politecnico Di Torino Studenti Dropbox/Davide Alban/Robotics_project/ros2_quadcopter_ws/install/controller_pkg:/opt/ros/humble /usr/bin/cmake --build /home/davide/Politecnico Di Torino Studenti Dropbox/Davide Alban/Robotics_project/ros2_quadcopter_ws/build/simple_quad -- -j8 -l8
[3.269s] [ 50%] [32mBuilding CXX object CMakeFiles/gazebo_ros_simple_quad.dir/src/gazebo_ros_simple_quad.cpp.o[0m
[23.973s] [100%] [32m[1mLinking CXX shared library libgazebo_ros_simple_quad.so[0m
[25.287s] [100%] Built target gazebo_ros_simple_quad
[25.300s] Invoked command in '/home/davide/Politecnico Di Torino Studenti Dropbox/Davide Alban/Robotics_project/ros2_quadcopter_ws/build/simple_quad' returned '0': CMAKE_PREFIX_PATH=${CMAKE_PREFIX_PATH}:/home/davide/Politecnico Di Torino Studenti Dropbox/Davide Alban/Robotics_project/ros2_quadcopter_ws/install/tf_transformations:/home/davide/Politecnico Di Torino Studenti Dropbox/Davide Alban/Robotics_project/ros2_quadcopter_ws/install/controller_pkg:/opt/ros/humble /usr/bin/cmake --build /home/davide/Politecnico Di Torino Studenti Dropbox/Davide Alban/Robotics_project/ros2_quadcopter_ws/build/simple_quad -- -j8 -l8
[25.309s] Invoking command in '/home/davide/Politecnico Di Torino Studenti Dropbox/Davide Alban/Robotics_project/ros2_quadcopter_ws/build/simple_quad': CMAKE_PREFIX_PATH=${CMAKE_PREFIX_PATH}:/home/davide/Politecnico Di Torino Studenti Dropbox/Davide Alban/Robotics_project/ros2_quadcopter_ws/install/tf_transformations:/home/davide/Politecnico Di Torino Studenti Dropbox/Davide Alban/Robotics_project/ros2_quadcopter_ws/install/controller_pkg:/opt/ros/humble /usr/bin/cmake --install /home/davide/Politecnico Di Torino Studenti Dropbox/Davide Alban/Robotics_project/ros2_quadcopter_ws/build/simple_quad
[25.317s] -- Install configuration: ""
[25.317s] -- Installing: /home/davide/Politecnico Di Torino Studenti Dropbox/Davide Alban/Robotics_project/ros2_quadcopter_ws/install/simple_quad/share/simple_quad/environment/library_path.sh
[25.318s] -- Installing: /home/davide/Politecnico Di Torino Studenti Dropbox/Davide Alban/Robotics_project/ros2_quadcopter_ws/install/simple_quad/share/simple_quad/environment/library_path.dsv
[25.318s] -- Installing: /home/davide/Politecnico Di Torino Studenti Dropbox/Davide Alban/Robotics_project/ros2_quadcopter_ws/install/simple_quad/share/simple_quad/launch
[25.318s] -- Installing: /home/davide/Politecnico Di Torino Studenti Dropbox/Davide Alban/Robotics_project/ros2_quadcopter_ws/install/simple_quad/share/simple_quad/launch/simple.launch.py
[25.318s] -- Installing: /home/davide/Politecnico Di Torino Studenti Dropbox/Davide Alban/Robotics_project/ros2_quadcopter_ws/install/simple_quad/share/simple_quad/urdf
[25.318s] -- Installing: /home/davide/Politecnico Di Torino Studenti Dropbox/Davide Alban/Robotics_project/ros2_quadcopter_ws/install/simple_quad/share/simple_quad/urdf/simple_quad.urdf.xacro
[25.318s] -- Installing: /home/davide/Politecnico Di Torino Studenti Dropbox/Davide Alban/Robotics_project/ros2_quadcopter_ws/install/simple_quad/share/simple_quad/models
[25.319s] -- Installing: /home/davide/Politecnico Di Torino Studenti Dropbox/Davide Alban/Robotics_project/ros2_quadcopter_ws/install/simple_quad/share/simple_quad/models/my_moving_sphere
[25.319s] -- Installing: /home/davide/Politecnico Di Torino Studenti Dropbox/Davide Alban/Robotics_project/ros2_quadcopter_ws/install/simple_quad/share/simple_quad/models/my_moving_sphere/model
[25.319s] -- Installing: /home/davide/Politecnico Di Torino Studenti Dropbox/Davide Alban/Robotics_project/ros2_quadcopter_ws/install/simple_quad/share/simple_quad/models/my_moving_sphere/model/model.sdf
[25.319s] -- Installing: /home/davide/Politecnico Di Torino Studenti Dropbox/Davide Alban/Robotics_project/ros2_quadcopter_ws/install/simple_quad/share/simple_quad/models/my_moving_sphere/model.config
[25.319s] -- Installing: /home/davide/Politecnico Di Torino Studenti Dropbox/Davide Alban/Robotics_project/ros2_quadcopter_ws/install/simple_quad/include
[25.319s] -- Installing: /home/davide/Politecnico Di Torino Studenti Dropbox/Davide Alban/Robotics_project/ros2_quadcopter_ws/install/simple_quad/include/simple_quad
[25.319s] -- Installing: /home/davide/Politecnico Di Torino Studenti Dropbox/Davide Alban/Robotics_project/ros2_quadcopter_ws/install/simple_quad/include/simple_quad/gazebo_ros_simple_quad.hpp
[25.319s] -- Installing: /home/davide/Politecnico Di Torino Studenti Dropbox/Davide Alban/Robotics_project/ros2_quadcopter_ws/install/simple_quad/lib/libgazebo_ros_simple_quad.so
[25.327s] -- Set runtime path of "/home/davide/Politecnico Di Torino Studenti Dropbox/Davide Alban/Robotics_project/ros2_quadcopter_ws/install/simple_quad/lib/libgazebo_ros_simple_quad.so" to ""
[25.328s] -- Installing: /home/davide/Politecnico Di Torino Studenti Dropbox/Davide Alban/Robotics_project/ros2_quadcopter_ws/install/simple_quad/share/ament_index/resource_index/package_run_dependencies/simple_quad
[25.328s] -- Installing: /home/davide/Politecnico Di Torino Studenti Dropbox/Davide Alban/Robotics_project/ros2_quadcopter_ws/install/simple_quad/share/ament_index/resource_index/parent_prefix_path/simple_quad
[25.328s] -- Installing: /home/davide/Politecnico Di Torino Studenti Dropbox/Davide Alban/Robotics_project/ros2_quadcopter_ws/install/simple_quad/share/simple_quad/environment/ament_prefix_path.sh
[25.328s] -- Installing: /home/davide/Politecnico Di Torino Studenti Dropbox/Davide Alban/Robotics_project/ros2_quadcopter_ws/install/simple_quad/share/simple_quad/environment/ament_prefix_path.dsv
[25.328s] -- Installing: /home/davide/Politecnico Di Torino Studenti Dropbox/Davide Alban/Robotics_project/ros2_quadcopter_ws/install/simple_quad/share/simple_quad/environment/path.sh
[25.328s] -- Installing: /home/davide/Politecnico Di Torino Studenti Dropbox/Davide Alban/Robotics_project/ros2_quadcopter_ws/install/simple_quad/share/simple_quad/environment/path.dsv
[25.329s] -- Installing: /home/davide/Politecnico Di Torino Studenti Dropbox/Davide Alban/Robotics_project/ros2_quadcopter_ws/install/simple_quad/share/simple_quad/local_setup.bash
[25.329s] -- Installing: /home/davide/Politecnico Di Torino Studenti Dropbox/Davide Alban/Robotics_project/ros2_quadcopter_ws/install/simple_quad/share/simple_quad/local_setup.sh
[25.329s] -- Installing: /home/davide/Politecnico Di Torino Studenti Dropbox/Davide Alban/Robotics_project/ros2_quadcopter_ws/install/simple_quad/share/simple_quad/local_setup.zsh
[25.329s] -- Installing: /home/davide/Politecnico Di Torino Studenti Dropbox/Davide Alban/Robotics_project/ros2_quadcopter_ws/install/simple_quad/share/simple_quad/local_setup.dsv
[25.329s] -- Installing: /home/davide/Politecnico Di Torino Studenti Dropbox/Davide Alban/Robotics_project/ros2_quadcopter_ws/install/simple_quad/share/simple_quad/package.dsv
[25.329s] -- Installing: /home/davide/Politecnico Di Torino Studenti Dropbox/Davide Alban/Robotics_project/ros2_quadcopter_ws/install/simple_quad/share/ament_index/resource_index/packages/simple_quad
[25.330s] -- Installing: /home/davide/Politecnico Di Torino Studenti Dropbox/Davide Alban/Robotics_project/ros2_quadcopter_ws/install/simple_quad/share/simple_quad/cmake/ament_cmake_export_libraries-extras.cmake
[25.330s] -- Installing: /home/davide/Politecnico Di Torino Studenti Dropbox/Davide Alban/Robotics_project/ros2_quadcopter_ws/install/simple_quad/share/simple_quad/cmake/simple_quadConfig.cmake
[25.330s] -- Installing: /home/davide/Politecnico Di Torino Studenti Dropbox/Davide Alban/Robotics_project/ros2_quadcopter_ws/install/simple_quad/share/simple_quad/cmake/simple_quadConfig-version.cmake
[25.330s] -- Installing: /home/davide/Politecnico Di Torino Studenti Dropbox/Davide Alban/Robotics_project/ros2_quadcopter_ws/install/simple_quad/share/simple_quad/package.xml
[25.333s] Invoked command in '/home/davide/Politecnico Di Torino Studenti Dropbox/Davide Alban/Robotics_project/ros2_quadcopter_ws/build/simple_quad' returned '0': CMAKE_PREFIX_PATH=${CMAKE_PREFIX_PATH}:/home/davide/Politecnico Di Torino Studenti Dropbox/Davide Alban/Robotics_project/ros2_quadcopter_ws/install/tf_transformations:/home/davide/Politecnico Di Torino Studenti Dropbox/Davide Alban/Robotics_project/ros2_quadcopter_ws/install/controller_pkg:/opt/ros/humble /usr/bin/cmake --install /home/davide/Politecnico Di Torino Studenti Dropbox/Davide Alban/Robotics_project/ros2_quadcopter_ws/build/simple_quad
