/home/davide/Politecnico Di Torino Studenti Dropbox/Davide Alban/Robotics_project/ros2_quadcopter_ws/install/controller_pkg/lib/python3.10/site-packages/controller_pkg/open_node.py
/home/davide/Politecnico Di Torino Studenti Dropbox/Davide Alban/Robotics_project/ros2_quadcopter_ws/install/controller_pkg/lib/python3.10/site-packages/controller_pkg/server.py
/home/davide/Politecnico Di Torino Studenti Dropbox/Davide Alban/Robotics_project/ros2_quadcopter_ws/install/controller_pkg/lib/python3.10/site-packages/controller_pkg/solver_generator_ros.py
/home/davide/Politecnico Di Torino Studenti Dropbox/Davide Alban/Robotics_project/ros2_quadcopter_ws/install/controller_pkg/lib/python3.10/site-packages/controller_pkg/__init__.py
/home/davide/Politecnico Di Torino Studenti Dropbox/Davide Alban/Robotics_project/ros2_quadcopter_ws/install/controller_pkg/lib/python3.10/site-packages/controller_pkg/__pycache__/open_node.cpython-310.pyc
/home/davide/Politecnico Di Torino Studenti Dropbox/Davide Alban/Robotics_project/ros2_quadcopter_ws/install/controller_pkg/lib/python3.10/site-packages/controller_pkg/__pycache__/server.cpython-310.pyc
/home/davide/Politecnico Di Torino Studenti Dropbox/Davide Alban/Robotics_project/ros2_quadcopter_ws/install/controller_pkg/lib/python3.10/site-packages/controller_pkg/__pycache__/solver_generator_ros.cpython-310.pyc
/home/davide/Politecnico Di Torino Studenti Dropbox/Davide Alban/Robotics_project/ros2_quadcopter_ws/install/controller_pkg/lib/python3.10/site-packages/controller_pkg/__pycache__/__init__.cpython-310.pyc
/home/davide/Politecnico Di Torino Studenti Dropbox/Davide Alban/Robotics_project/ros2_quadcopter_ws/install/controller_pkg/share/ament_index/resource_index/packages/controller_pkg
/home/davide/Politecnico Di Torino Studenti Dropbox/Davide Alban/Robotics_project/ros2_quadcopter_ws/install/controller_pkg/share/controller_pkg/package.xml
/home/davide/Politecnico Di Torino Studenti Dropbox/Davide Alban/Robotics_project/ros2_quadcopter_ws/install/controller_pkg/lib/python3.10/site-packages/controller_pkg-0.0.0-py3.10.egg-info/zip-safe
/home/davide/Politecnico Di Torino Studenti Dropbox/Davide Alban/Robotics_project/ros2_quadcopter_ws/install/controller_pkg/lib/python3.10/site-packages/controller_pkg-0.0.0-py3.10.egg-info/SOURCES.txt
/home/davide/Politecnico Di Torino Studenti Dropbox/Davide Alban/Robotics_project/ros2_quadcopter_ws/install/controller_pkg/lib/python3.10/site-packages/controller_pkg-0.0.0-py3.10.egg-info/dependency_links.txt
/home/davide/Politecnico Di Torino Studenti Dropbox/Davide Alban/Robotics_project/ros2_quadcopter_ws/install/controller_pkg/lib/python3.10/site-packages/controller_pkg-0.0.0-py3.10.egg-info/entry_points.txt
/home/davide/Politecnico Di Torino Studenti Dropbox/Davide Alban/Robotics_project/ros2_quadcopter_ws/install/controller_pkg/lib/python3.10/site-packages/controller_pkg-0.0.0-py3.10.egg-info/PKG-INFO
/home/davide/Politecnico Di Torino Studenti Dropbox/Davide Alban/Robotics_project/ros2_quadcopter_ws/install/controller_pkg/lib/python3.10/site-packages/controller_pkg-0.0.0-py3.10.egg-info/top_level.txt
/home/davide/Politecnico Di Torino Studenti Dropbox/Davide Alban/Robotics_project/ros2_quadcopter_ws/install/controller_pkg/lib/python3.10/site-packages/controller_pkg-0.0.0-py3.10.egg-info/requires.txt
/home/davide/Politecnico Di Torino Studenti Dropbox/Davide Alban/Robotics_project/ros2_quadcopter_ws/install/controller_pkg/lib/controller_pkg/control_input_converter
/home/davide/Politecnico Di Torino Studenti Dropbox/Davide Alban/Robotics_project/ros2_quadcopter_ws/install/controller_pkg/lib/controller_pkg/controller_node
/home/davide/Politecnico Di Torino Studenti Dropbox/Davide Alban/Robotics_project/ros2_quadcopter_ws/install/controller_pkg/lib/controller_pkg/controller_node_basic
/home/davide/Politecnico Di Torino Studenti Dropbox/Davide Alban/Robotics_project/ros2_quadcopter_ws/install/controller_pkg/lib/controller_pkg/controller_node_conversion
/home/davide/Politecnico Di Torino Studenti Dropbox/Davide Alban/Robotics_project/ros2_quadcopter_ws/install/controller_pkg/lib/controller_pkg/input_signal_producer_node
/home/davide/Politecnico Di Torino Studenti Dropbox/Davide Alban/Robotics_project/ros2_quadcopter_ws/install/controller_pkg/lib/controller_pkg/open_node
