[1.709s] Invoking command in '/home/vboxuser/ros2_quadcopter_ws/src/controller/controller_pkg': PYTHONPATH=/home/vboxuser/ros2_quadcopter_ws/src/controller/build/controller_pkg/prefix_override:/usr/lib/python3/dist-packages/colcon_core/task/python/colcon_distutils_commands:/home/vboxuser/ros2_quadcopter_ws/src/controller/install/controller_pkg/lib/python3.10/site-packages:${PYTHONPATH} /usr/bin/python3 -W ignore:setup.py install is deprecated -W ignore:easy_install command is deprecated setup.py egg_info --egg-base ../build/controller_pkg build --build-base /home/vboxuser/ros2_quadcopter_ws/src/controller/build/controller_pkg/build install --record /home/vboxuser/ros2_quadcopter_ws/src/controller/build/controller_pkg/install.log --single-version-externally-managed install_data
[2.239s] running egg_info
[2.243s] writing ../build/controller_pkg/controller_pkg.egg-info/PKG-INFO
[2.243s] writing dependency_links to ../build/controller_pkg/controller_pkg.egg-info/dependency_links.txt
[2.245s] writing entry points to ../build/controller_pkg/controller_pkg.egg-info/entry_points.txt
[2.245s] writing requirements to ../build/controller_pkg/controller_pkg.egg-info/requires.txt
[2.245s] writing top-level names to ../build/controller_pkg/controller_pkg.egg-info/top_level.txt
[2.249s] reading manifest file '../build/controller_pkg/controller_pkg.egg-info/SOURCES.txt'
[2.249s] adding license file 'LICENSE'
[2.249s] writing manifest file '../build/controller_pkg/controller_pkg.egg-info/SOURCES.txt'
[2.249s] running build
[2.249s] running build_py
[2.249s] running install
[2.250s] running install_lib
[2.251s] running install_data
[2.253s] running install_egg_info
[2.255s] removing '/home/vboxuser/ros2_quadcopter_ws/src/controller/install/controller_pkg/lib/python3.10/site-packages/controller_pkg-0.0.0-py3.10.egg-info' (and everything under it)
[2.259s] Copying ../build/controller_pkg/controller_pkg.egg-info to /home/vboxuser/ros2_quadcopter_ws/src/controller/install/controller_pkg/lib/python3.10/site-packages/controller_pkg-0.0.0-py3.10.egg-info
[2.259s] running install_scripts
[2.303s] Installing controller_node script to /home/vboxuser/ros2_quadcopter_ws/src/controller/install/controller_pkg/lib/controller_pkg
[2.303s] writing list of installed files to '/home/vboxuser/ros2_quadcopter_ws/src/controller/build/controller_pkg/install.log'
[2.419s] Invoked command in '/home/vboxuser/ros2_quadcopter_ws/src/controller/controller_pkg' returned '0': PYTHONPATH=/home/vboxuser/ros2_quadcopter_ws/src/controller/build/controller_pkg/prefix_override:/usr/lib/python3/dist-packages/colcon_core/task/python/colcon_distutils_commands:/home/vboxuser/ros2_quadcopter_ws/src/controller/install/controller_pkg/lib/python3.10/site-packages:${PYTHONPATH} /usr/bin/python3 -W ignore:setup.py install is deprecated -W ignore:easy_install command is deprecated setup.py egg_info --egg-base ../build/controller_pkg build --build-base /home/vboxuser/ros2_quadcopter_ws/src/controller/build/controller_pkg/build install --record /home/vboxuser/ros2_quadcopter_ws/src/controller/build/controller_pkg/install.log --single-version-externally-managed install_data
