[1.478s] Invoking command in '/home/vboxuser/ros2_quadcopter_ws/src/controller/controller_pkg': PYTHONPATH=/home/vboxuser/ros2_quadcopter_ws/src/controller/build/controller_pkg/prefix_override:/usr/lib/python3/dist-packages/colcon_core/task/python/colcon_distutils_commands:/home/vboxuser/ros2_quadcopter_ws/src/controller/install/controller_pkg/lib/python3.10/site-packages:${PYTHONPATH} /usr/bin/python3 -W ignore:setup.py install is deprecated -W ignore:easy_install command is deprecated setup.py egg_info --egg-base ../build/controller_pkg build --build-base /home/vboxuser/ros2_quadcopter_ws/src/controller/build/controller_pkg/build install --record /home/vboxuser/ros2_quadcopter_ws/src/controller/build/controller_pkg/install.log --single-version-externally-managed install_data
[1.957s] running egg_info
[1.958s] creating ../build/controller_pkg/controller_pkg.egg-info
[1.958s] writing ../build/controller_pkg/controller_pkg.egg-info/PKG-INFO
[1.959s] writing dependency_links to ../build/controller_pkg/controller_pkg.egg-info/dependency_links.txt
[1.959s] writing entry points to ../build/controller_pkg/controller_pkg.egg-info/entry_points.txt
[1.959s] writing requirements to ../build/controller_pkg/controller_pkg.egg-info/requires.txt
[1.959s] writing top-level names to ../build/controller_pkg/controller_pkg.egg-info/top_level.txt
[1.960s] writing manifest file '../build/controller_pkg/controller_pkg.egg-info/SOURCES.txt'
[1.965s] reading manifest file '../build/controller_pkg/controller_pkg.egg-info/SOURCES.txt'
[1.965s] adding license file 'LICENSE'
[1.965s] writing manifest file '../build/controller_pkg/controller_pkg.egg-info/SOURCES.txt'
[1.965s] running build
[1.965s] running build_py
[1.965s] creating /home/vboxuser/ros2_quadcopter_ws/src/controller/build/controller_pkg/build
[1.965s] creating /home/vboxuser/ros2_quadcopter_ws/src/controller/build/controller_pkg/build/lib
[1.965s] creating /home/vboxuser/ros2_quadcopter_ws/src/controller/build/controller_pkg/build/lib/controller_pkg
[1.965s] copying controller_pkg/__init__.py -> /home/vboxuser/ros2_quadcopter_ws/src/controller/build/controller_pkg/build/lib/controller_pkg
[1.966s] copying controller_pkg/controller_node.py -> /home/vboxuser/ros2_quadcopter_ws/src/controller/build/controller_pkg/build/lib/controller_pkg
[1.966s] running install
[1.966s] running install_lib
[1.968s] creating /home/vboxuser/ros2_quadcopter_ws/src/controller/install/controller_pkg/lib/python3.10/site-packages/controller_pkg
[1.969s] copying /home/vboxuser/ros2_quadcopter_ws/src/controller/build/controller_pkg/build/lib/controller_pkg/__init__.py -> /home/vboxuser/ros2_quadcopter_ws/src/controller/install/controller_pkg/lib/python3.10/site-packages/controller_pkg
[1.969s] copying /home/vboxuser/ros2_quadcopter_ws/src/controller/build/controller_pkg/build/lib/controller_pkg/controller_node.py -> /home/vboxuser/ros2_quadcopter_ws/src/controller/install/controller_pkg/lib/python3.10/site-packages/controller_pkg
[1.970s] byte-compiling /home/vboxuser/ros2_quadcopter_ws/src/controller/install/controller_pkg/lib/python3.10/site-packages/controller_pkg/__init__.py to __init__.cpython-310.pyc
[1.971s] byte-compiling /home/vboxuser/ros2_quadcopter_ws/src/controller/install/controller_pkg/lib/python3.10/site-packages/controller_pkg/controller_node.py to controller_node.cpython-310.pyc
[1.974s] running install_data
[1.974s] creating /home/vboxuser/ros2_quadcopter_ws/src/controller/install/controller_pkg/share/ament_index
[1.974s] creating /home/vboxuser/ros2_quadcopter_ws/src/controller/install/controller_pkg/share/ament_index/resource_index
[1.974s] creating /home/vboxuser/ros2_quadcopter_ws/src/controller/install/controller_pkg/share/ament_index/resource_index/packages
[1.974s] copying resource/controller_pkg -> /home/vboxuser/ros2_quadcopter_ws/src/controller/install/controller_pkg/share/ament_index/resource_index/packages
[1.974s] copying package.xml -> /home/vboxuser/ros2_quadcopter_ws/src/controller/install/controller_pkg/share/controller_pkg
[1.974s] running install_egg_info
[1.979s] Copying ../build/controller_pkg/controller_pkg.egg-info to /home/vboxuser/ros2_quadcopter_ws/src/controller/install/controller_pkg/lib/python3.10/site-packages/controller_pkg-0.0.0-py3.10.egg-info
[1.980s] running install_scripts
[2.030s] writing list of installed files to '/home/vboxuser/ros2_quadcopter_ws/src/controller/build/controller_pkg/install.log'
[2.090s] Invoked command in '/home/vboxuser/ros2_quadcopter_ws/src/controller/controller_pkg' returned '0': PYTHONPATH=/home/vboxuser/ros2_quadcopter_ws/src/controller/build/controller_pkg/prefix_override:/usr/lib/python3/dist-packages/colcon_core/task/python/colcon_distutils_commands:/home/vboxuser/ros2_quadcopter_ws/src/controller/install/controller_pkg/lib/python3.10/site-packages:${PYTHONPATH} /usr/bin/python3 -W ignore:setup.py install is deprecated -W ignore:easy_install command is deprecated setup.py egg_info --egg-base ../build/controller_pkg build --build-base /home/vboxuser/ros2_quadcopter_ws/src/controller/build/controller_pkg/build install --record /home/vboxuser/ros2_quadcopter_ws/src/controller/build/controller_pkg/install.log --single-version-externally-managed install_data
