[0.166s] DEBUG:colcon:Command line arguments: ['/usr/bin/colcon', 'build']
[0.166s] DEBUG:colcon:Parsed command line arguments: Namespace(log_base=None, log_level=None, verb_name='build', build_base='build', install_base='install', merge_install=False, symlink_install=False, test_result_base=None, continue_on_error=False, executor='parallel', parallel_workers=8, event_handlers=None, ignore_user_meta=False, metas=['./colcon.meta'], base_paths=['.'], packages_ignore=None, packages_ignore_regex=None, paths=None, packages_up_to=None, packages_up_to_regex=None, packages_above=None, packages_above_and_dependencies=None, packages_above_depth=None, packages_select_by_dep=None, packages_skip_by_dep=None, packages_skip_up_to=None, packages_select_build_failed=False, packages_skip_build_finished=False, packages_select_test_failures=False, packages_skip_test_passed=False, packages_select=None, packages_skip=None, packages_select_regex=None, packages_skip_regex=None, packages_start=None, packages_end=None, allow_overriding=[], cmake_args=None, cmake_target=None, cmake_target_skip_unavailable=False, cmake_clean_cache=False, cmake_clean_first=False, cmake_force_configure=False, ament_cmake_args=None, catkin_cmake_args=None, catkin_skip_building_tests=False, mixin_files=None, mixin=None, verb_parser=<colcon_mixin.mixin.mixin_argument.MixinArgumentDecorator object at 0x7f713ac90e80>, verb_extension=<colcon_core.verb.build.BuildVerb object at 0x7f713ac90910>, main=<bound method BuildVerb.main of <colcon_core.verb.build.BuildVerb object at 0x7f713ac90910>>, mixin_verb=('build',))
[0.469s] Level 1:colcon.colcon_core.package_discovery:discover_packages(colcon_meta) check parameters
[0.469s] Level 1:colcon.colcon_core.package_discovery:discover_packages(recursive) check parameters
[0.469s] Level 1:colcon.colcon_core.package_discovery:discover_packages(ignore) check parameters
[0.469s] Level 1:colcon.colcon_core.package_discovery:discover_packages(path) check parameters
[0.469s] Level 1:colcon.colcon_core.package_discovery:discover_packages(colcon_meta) discover
[0.469s] Level 1:colcon.colcon_core.package_discovery:discover_packages(recursive) discover
[0.469s] INFO:colcon.colcon_core.package_discovery:Crawling recursively for packages in '/home/davide/Politecnico Di Torino Studenti Dropbox/Davide Alban/Robotics_project/ros2_quadcopter_ws'
[0.469s] Level 1:colcon.colcon_core.package_identification:_identify(.) by extensions ['ignore', 'ignore_ament_install']
[0.470s] Level 1:colcon.colcon_core.package_identification:_identify(.) by extension 'ignore'
[0.470s] Level 1:colcon.colcon_core.package_identification:_identify(.) by extension 'ignore_ament_install'
[0.470s] Level 1:colcon.colcon_core.package_identification:_identify(.) by extensions ['colcon_pkg']
[0.470s] Level 1:colcon.colcon_core.package_identification:_identify(.) by extension 'colcon_pkg'
[0.470s] Level 1:colcon.colcon_core.package_identification:_identify(.) by extensions ['colcon_meta']
[0.470s] Level 1:colcon.colcon_core.package_identification:_identify(.) by extension 'colcon_meta'
[0.470s] Level 1:colcon.colcon_core.package_identification:_identify(.) by extensions ['ros']
[0.470s] Level 1:colcon.colcon_core.package_identification:_identify(.) by extension 'ros'
[0.493s] Level 1:colcon.colcon_core.package_identification:_identify(.) by extensions ['cmake', 'python']
[0.494s] Level 1:colcon.colcon_core.package_identification:_identify(.) by extension 'cmake'
[0.494s] Level 1:colcon.colcon_core.package_identification:_identify(.) by extension 'python'
[0.494s] Level 1:colcon.colcon_core.package_identification:_identify(.) by extensions ['python_setup_py']
[0.494s] Level 1:colcon.colcon_core.package_identification:_identify(.) by extension 'python_setup_py'
[0.494s] Level 1:colcon.colcon_core.package_identification:_identify(build) by extensions ['ignore', 'ignore_ament_install']
[0.494s] Level 1:colcon.colcon_core.package_identification:_identify(build) by extension 'ignore'
[0.494s] Level 1:colcon.colcon_core.package_identification:_identify(build) ignored
[0.494s] Level 1:colcon.colcon_core.package_identification:_identify(install) by extensions ['ignore', 'ignore_ament_install']
[0.495s] Level 1:colcon.colcon_core.package_identification:_identify(install) by extension 'ignore'
[0.495s] Level 1:colcon.colcon_core.package_identification:_identify(install) ignored
[0.495s] Level 1:colcon.colcon_core.package_identification:_identify(log) by extensions ['ignore', 'ignore_ament_install']
[0.495s] Level 1:colcon.colcon_core.package_identification:_identify(log) by extension 'ignore'
[0.495s] Level 1:colcon.colcon_core.package_identification:_identify(log) ignored
[0.495s] Level 1:colcon.colcon_core.package_identification:_identify(src) by extensions ['ignore', 'ignore_ament_install']
[0.495s] Level 1:colcon.colcon_core.package_identification:_identify(src) by extension 'ignore'
[0.495s] Level 1:colcon.colcon_core.package_identification:_identify(src) by extension 'ignore_ament_install'
[0.496s] Level 1:colcon.colcon_core.package_identification:_identify(src) by extensions ['colcon_pkg']
[0.496s] Level 1:colcon.colcon_core.package_identification:_identify(src) by extension 'colcon_pkg'
[0.496s] Level 1:colcon.colcon_core.package_identification:_identify(src) by extensions ['colcon_meta']
[0.496s] Level 1:colcon.colcon_core.package_identification:_identify(src) by extension 'colcon_meta'
[0.496s] Level 1:colcon.colcon_core.package_identification:_identify(src) by extensions ['ros']
[0.496s] Level 1:colcon.colcon_core.package_identification:_identify(src) by extension 'ros'
[0.496s] Level 1:colcon.colcon_core.package_identification:_identify(src) by extensions ['cmake', 'python']
[0.496s] Level 1:colcon.colcon_core.package_identification:_identify(src) by extension 'cmake'
[0.496s] Level 1:colcon.colcon_core.package_identification:_identify(src) by extension 'python'
[0.496s] Level 1:colcon.colcon_core.package_identification:_identify(src) by extensions ['python_setup_py']
[0.496s] Level 1:colcon.colcon_core.package_identification:_identify(src) by extension 'python_setup_py'
[0.497s] Level 1:colcon.colcon_core.package_identification:_identify(src/controller) by extensions ['ignore', 'ignore_ament_install']
[0.497s] Level 1:colcon.colcon_core.package_identification:_identify(src/controller) by extension 'ignore'
[0.497s] Level 1:colcon.colcon_core.package_identification:_identify(src/controller) by extension 'ignore_ament_install'
[0.497s] Level 1:colcon.colcon_core.package_identification:_identify(src/controller) by extensions ['colcon_pkg']
[0.497s] Level 1:colcon.colcon_core.package_identification:_identify(src/controller) by extension 'colcon_pkg'
[0.497s] Level 1:colcon.colcon_core.package_identification:_identify(src/controller) by extensions ['colcon_meta']
[0.497s] Level 1:colcon.colcon_core.package_identification:_identify(src/controller) by extension 'colcon_meta'
[0.497s] Level 1:colcon.colcon_core.package_identification:_identify(src/controller) by extensions ['ros']
[0.497s] Level 1:colcon.colcon_core.package_identification:_identify(src/controller) by extension 'ros'
[0.497s] Level 1:colcon.colcon_core.package_identification:_identify(src/controller) by extensions ['cmake', 'python']
[0.498s] Level 1:colcon.colcon_core.package_identification:_identify(src/controller) by extension 'cmake'
[0.498s] Level 1:colcon.colcon_core.package_identification:_identify(src/controller) by extension 'python'
[0.498s] Level 1:colcon.colcon_core.package_identification:_identify(src/controller) by extensions ['python_setup_py']
[0.498s] Level 1:colcon.colcon_core.package_identification:_identify(src/controller) by extension 'python_setup_py'
[0.498s] Level 1:colcon.colcon_core.package_identification:_identify(src/controller/build) by extensions ['ignore', 'ignore_ament_install']
[0.498s] Level 1:colcon.colcon_core.package_identification:_identify(src/controller/build) by extension 'ignore'
[0.498s] Level 1:colcon.colcon_core.package_identification:_identify(src/controller/build) ignored
[0.498s] Level 1:colcon.colcon_core.package_identification:_identify(src/controller/controller_pkg) by extensions ['ignore', 'ignore_ament_install']
[0.498s] Level 1:colcon.colcon_core.package_identification:_identify(src/controller/controller_pkg) by extension 'ignore'
[0.499s] Level 1:colcon.colcon_core.package_identification:_identify(src/controller/controller_pkg) by extension 'ignore_ament_install'
[0.499s] Level 1:colcon.colcon_core.package_identification:_identify(src/controller/controller_pkg) by extensions ['colcon_pkg']
[0.499s] Level 1:colcon.colcon_core.package_identification:_identify(src/controller/controller_pkg) by extension 'colcon_pkg'
[0.499s] Level 1:colcon.colcon_core.package_identification:_identify(src/controller/controller_pkg) by extensions ['colcon_meta']
[0.499s] Level 1:colcon.colcon_core.package_identification:_identify(src/controller/controller_pkg) by extension 'colcon_meta'
[0.499s] Level 1:colcon.colcon_core.package_identification:_identify(src/controller/controller_pkg) by extensions ['ros']
[0.499s] Level 1:colcon.colcon_core.package_identification:_identify(src/controller/controller_pkg) by extension 'ros'
[0.503s] DEBUG:colcon.colcon_core.package_identification:Package 'src/controller/controller_pkg' with type 'ros.ament_python' and name 'controller_pkg'
[0.503s] Level 1:colcon.colcon_core.package_identification:_identify(src/controller/install) by extensions ['ignore', 'ignore_ament_install']
[0.503s] Level 1:colcon.colcon_core.package_identification:_identify(src/controller/install) by extension 'ignore'
[0.503s] Level 1:colcon.colcon_core.package_identification:_identify(src/controller/install) ignored
[0.503s] Level 1:colcon.colcon_core.package_identification:_identify(src/controller/log) by extensions ['ignore', 'ignore_ament_install']
[0.504s] Level 1:colcon.colcon_core.package_identification:_identify(src/controller/log) by extension 'ignore'
[0.504s] Level 1:colcon.colcon_core.package_identification:_identify(src/controller/log) ignored
[0.504s] Level 1:colcon.colcon_core.package_identification:_identify(src/simple_quadcopter_gazebo) by extensions ['ignore', 'ignore_ament_install']
[0.504s] Level 1:colcon.colcon_core.package_identification:_identify(src/simple_quadcopter_gazebo) by extension 'ignore'
[0.504s] Level 1:colcon.colcon_core.package_identification:_identify(src/simple_quadcopter_gazebo) by extension 'ignore_ament_install'
[0.504s] Level 1:colcon.colcon_core.package_identification:_identify(src/simple_quadcopter_gazebo) by extensions ['colcon_pkg']
[0.504s] Level 1:colcon.colcon_core.package_identification:_identify(src/simple_quadcopter_gazebo) by extension 'colcon_pkg'
[0.504s] Level 1:colcon.colcon_core.package_identification:_identify(src/simple_quadcopter_gazebo) by extensions ['colcon_meta']
[0.504s] Level 1:colcon.colcon_core.package_identification:_identify(src/simple_quadcopter_gazebo) by extension 'colcon_meta'
[0.504s] Level 1:colcon.colcon_core.package_identification:_identify(src/simple_quadcopter_gazebo) by extensions ['ros']
[0.505s] Level 1:colcon.colcon_core.package_identification:_identify(src/simple_quadcopter_gazebo) by extension 'ros'
[0.506s] DEBUG:colcon.colcon_core.package_identification:Package 'src/simple_quadcopter_gazebo' with type 'ros.ament_cmake' and name 'simple_quad'
[0.506s] Level 1:colcon.colcon_core.package_discovery:discover_packages(recursive) using defaults
[0.507s] Level 1:colcon.colcon_core.package_discovery:discover_packages(ignore) discover
[0.507s] Level 1:colcon.colcon_core.package_discovery:discover_packages(ignore) using defaults
[0.507s] Level 1:colcon.colcon_core.package_discovery:discover_packages(path) discover
[0.507s] Level 1:colcon.colcon_core.package_discovery:discover_packages(path) using defaults
[0.533s] Level 1:colcon.colcon_core.package_discovery:discover_packages(prefix_path) check parameters
[0.533s] Level 1:colcon.colcon_core.package_discovery:discover_packages(prefix_path) discover
[0.535s] WARNING:colcon.colcon_ros.prefix_path.ament:The path '/home/davide/Politecnico Di Torino Studenti Dropbox/Davide Alban/Robotics_project/ros2_quadcopter_ws/install/tf_transformations' in the environment variable AMENT_PREFIX_PATH doesn't exist
[0.535s] WARNING:colcon.colcon_ros.prefix_path.ament:The path '/home/davide/Politecnico Di Torino Studenti Dropbox/Davide Alban/Robotics_project/ros2_quadcopter_ws/install/controller_pkg' in the environment variable AMENT_PREFIX_PATH doesn't exist
[0.535s] WARNING:colcon.colcon_ros.prefix_path.catkin:The path '/home/davide/Politecnico Di Torino Studenti Dropbox/Davide Alban/Robotics_project/ros2_quadcopter_ws/install/simple_quad' in the environment variable CMAKE_PREFIX_PATH doesn't exist
[0.536s] DEBUG:colcon.colcon_installed_package_information.package_discovery:Found 0 installed packages in /home/davide/Politecnico Di Torino Studenti Dropbox/Davide Alban/Robotics_project/ros2_quadcopter_ws/install
[0.538s] DEBUG:colcon.colcon_installed_package_information.package_discovery:Found 408 installed packages in /opt/ros/humble
[0.540s] Level 1:colcon.colcon_core.package_discovery:discover_packages(prefix_path) using defaults
[0.596s] Level 5:colcon.colcon_core.verb:set package 'controller_pkg' build argument 'cmake_args' from command line to 'None'
[0.596s] Level 5:colcon.colcon_core.verb:set package 'controller_pkg' build argument 'cmake_target' from command line to 'None'
[0.596s] Level 5:colcon.colcon_core.verb:set package 'controller_pkg' build argument 'cmake_target_skip_unavailable' from command line to 'False'
[0.596s] Level 5:colcon.colcon_core.verb:set package 'controller_pkg' build argument 'cmake_clean_cache' from command line to 'False'
[0.596s] Level 5:colcon.colcon_core.verb:set package 'controller_pkg' build argument 'cmake_clean_first' from command line to 'False'
[0.597s] Level 5:colcon.colcon_core.verb:set package 'controller_pkg' build argument 'cmake_force_configure' from command line to 'False'
[0.597s] Level 5:colcon.colcon_core.verb:set package 'controller_pkg' build argument 'ament_cmake_args' from command line to 'None'
[0.597s] Level 5:colcon.colcon_core.verb:set package 'controller_pkg' build argument 'catkin_cmake_args' from command line to 'None'
[0.597s] Level 5:colcon.colcon_core.verb:set package 'controller_pkg' build argument 'catkin_skip_building_tests' from command line to 'False'
[0.597s] DEBUG:colcon.colcon_core.verb:Building package 'controller_pkg' with the following arguments: {'ament_cmake_args': None, 'build_base': '/home/davide/Politecnico Di Torino Studenti Dropbox/Davide Alban/Robotics_project/ros2_quadcopter_ws/build/controller_pkg', 'catkin_cmake_args': None, 'catkin_skip_building_tests': False, 'cmake_args': None, 'cmake_clean_cache': False, 'cmake_clean_first': False, 'cmake_force_configure': False, 'cmake_target': None, 'cmake_target_skip_unavailable': False, 'install_base': '/home/davide/Politecnico Di Torino Studenti Dropbox/Davide Alban/Robotics_project/ros2_quadcopter_ws/install/controller_pkg', 'merge_install': False, 'path': '/home/davide/Politecnico Di Torino Studenti Dropbox/Davide Alban/Robotics_project/ros2_quadcopter_ws/src/controller/controller_pkg', 'symlink_install': False, 'test_result_base': None}
[0.597s] Level 5:colcon.colcon_core.verb:set package 'simple_quad' build argument 'cmake_args' from command line to 'None'
[0.597s] Level 5:colcon.colcon_core.verb:set package 'simple_quad' build argument 'cmake_target' from command line to 'None'
[0.597s] Level 5:colcon.colcon_core.verb:set package 'simple_quad' build argument 'cmake_target_skip_unavailable' from command line to 'False'
[0.597s] Level 5:colcon.colcon_core.verb:set package 'simple_quad' build argument 'cmake_clean_cache' from command line to 'False'
[0.597s] Level 5:colcon.colcon_core.verb:set package 'simple_quad' build argument 'cmake_clean_first' from command line to 'False'
[0.597s] Level 5:colcon.colcon_core.verb:set package 'simple_quad' build argument 'cmake_force_configure' from command line to 'False'
[0.597s] Level 5:colcon.colcon_core.verb:set package 'simple_quad' build argument 'ament_cmake_args' from command line to 'None'
[0.597s] Level 5:colcon.colcon_core.verb:set package 'simple_quad' build argument 'catkin_cmake_args' from command line to 'None'
[0.597s] Level 5:colcon.colcon_core.verb:set package 'simple_quad' build argument 'catkin_skip_building_tests' from command line to 'False'
[0.597s] DEBUG:colcon.colcon_core.verb:Building package 'simple_quad' with the following arguments: {'ament_cmake_args': None, 'build_base': '/home/davide/Politecnico Di Torino Studenti Dropbox/Davide Alban/Robotics_project/ros2_quadcopter_ws/build/simple_quad', 'catkin_cmake_args': None, 'catkin_skip_building_tests': False, 'cmake_args': None, 'cmake_clean_cache': False, 'cmake_clean_first': False, 'cmake_force_configure': False, 'cmake_target': None, 'cmake_target_skip_unavailable': False, 'install_base': '/home/davide/Politecnico Di Torino Studenti Dropbox/Davide Alban/Robotics_project/ros2_quadcopter_ws/install/simple_quad', 'merge_install': False, 'path': '/home/davide/Politecnico Di Torino Studenti Dropbox/Davide Alban/Robotics_project/ros2_quadcopter_ws/src/simple_quadcopter_gazebo', 'symlink_install': False, 'test_result_base': None}
[0.598s] INFO:colcon.colcon_core.executor:Executing jobs using 'parallel' executor
[0.599s] DEBUG:colcon.colcon_parallel_executor.executor.parallel:run_until_complete
[0.599s] INFO:colcon.colcon_ros.task.ament_python.build:Building ROS package in '/home/davide/Politecnico Di Torino Studenti Dropbox/Davide Alban/Robotics_project/ros2_quadcopter_ws/src/controller/controller_pkg' with build type 'ament_python'
[0.599s] Level 1:colcon.colcon_core.shell:create_environment_hook('controller_pkg', 'ament_prefix_path')
[0.604s] INFO:colcon.colcon_core.plugin_system:Skipping extension 'colcon_core.shell.bat': Not used on non-Windows systems
[0.604s] INFO:colcon.colcon_core.shell:Creating environment hook '/home/davide/Politecnico Di Torino Studenti Dropbox/Davide Alban/Robotics_project/ros2_quadcopter_ws/install/controller_pkg/share/controller_pkg/hook/ament_prefix_path.ps1'
[0.605s] INFO:colcon.colcon_core.shell:Creating environment descriptor '/home/davide/Politecnico Di Torino Studenti Dropbox/Davide Alban/Robotics_project/ros2_quadcopter_ws/install/controller_pkg/share/controller_pkg/hook/ament_prefix_path.dsv'
[0.606s] INFO:colcon.colcon_core.shell:Creating environment hook '/home/davide/Politecnico Di Torino Studenti Dropbox/Davide Alban/Robotics_project/ros2_quadcopter_ws/install/controller_pkg/share/controller_pkg/hook/ament_prefix_path.sh'
[0.607s] INFO:colcon.colcon_core.shell:Skip shell extension 'powershell' for command environment: Not usable outside of PowerShell
[0.607s] DEBUG:colcon.colcon_core.shell:Skip shell extension 'dsv' for command environment
[0.613s] INFO:colcon.colcon_ros.task.ament_cmake.build:Building ROS package in '/home/davide/Politecnico Di Torino Studenti Dropbox/Davide Alban/Robotics_project/ros2_quadcopter_ws/src/simple_quadcopter_gazebo' with build type 'ament_cmake'
[0.613s] INFO:colcon.colcon_cmake.task.cmake.build:Building CMake package in '/home/davide/Politecnico Di Torino Studenti Dropbox/Davide Alban/Robotics_project/ros2_quadcopter_ws/src/simple_quadcopter_gazebo'
[0.613s] INFO:colcon.colcon_core.shell:Skip shell extension 'powershell' for command environment: Not usable outside of PowerShell
[0.614s] DEBUG:colcon.colcon_core.shell:Skip shell extension 'dsv' for command environment
[0.949s] INFO:colcon.colcon_core.task.python.build:Building Python package in '/home/davide/Politecnico Di Torino Studenti Dropbox/Davide Alban/Robotics_project/ros2_quadcopter_ws/src/controller/controller_pkg'
[0.950s] INFO:colcon.colcon_core.shell:Skip shell extension 'powershell' for command environment: Not usable outside of PowerShell
[0.950s] DEBUG:colcon.colcon_core.shell:Skip shell extension 'dsv' for command environment
[0.957s] DEBUG:colcon.colcon_core.event_handler.log_command:Invoking command in '/home/davide/Politecnico Di Torino Studenti Dropbox/Davide Alban/Robotics_project/ros2_quadcopter_ws/build/simple_quad': CMAKE_PREFIX_PATH=${CMAKE_PREFIX_PATH}:/home/davide/Politecnico Di Torino Studenti Dropbox/Davide Alban/Robotics_project/ros2_quadcopter_ws/install/tf_transformations:/home/davide/Politecnico Di Torino Studenti Dropbox/Davide Alban/Robotics_project/ros2_quadcopter_ws/install/controller_pkg:/opt/ros/humble /usr/bin/cmake /home/davide/Politecnico Di Torino Studenti Dropbox/Davide Alban/Robotics_project/ros2_quadcopter_ws/src/simple_quadcopter_gazebo -DCMAKE_INSTALL_PREFIX=/home/davide/Politecnico Di Torino Studenti Dropbox/Davide Alban/Robotics_project/ros2_quadcopter_ws/install/simple_quad
[1.568s] DEBUG:colcon.colcon_core.event_handler.log_command:Invoking command in '/home/davide/Politecnico Di Torino Studenti Dropbox/Davide Alban/Robotics_project/ros2_quadcopter_ws/src/controller/controller_pkg': PYTHONPATH=/home/davide/Politecnico Di Torino Studenti Dropbox/Davide Alban/Robotics_project/ros2_quadcopter_ws/build/controller_pkg/prefix_override:/usr/lib/python3/dist-packages/colcon_core/task/python/colcon_distutils_commands:/home/davide/Politecnico Di Torino Studenti Dropbox/Davide Alban/Robotics_project/ros2_quadcopter_ws/install/controller_pkg/lib/python3.10/site-packages:${PYTHONPATH} /usr/bin/python3 -W ignore:setup.py install is deprecated -W ignore:easy_install command is deprecated setup.py egg_info --egg-base ../../../build/controller_pkg build --build-base /home/davide/Politecnico Di Torino Studenti Dropbox/Davide Alban/Robotics_project/ros2_quadcopter_ws/build/controller_pkg/build install --record /home/davide/Politecnico Di Torino Studenti Dropbox/Davide Alban/Robotics_project/ros2_quadcopter_ws/build/controller_pkg/install.log --single-version-externally-managed install_data
[1.961s] DEBUG:colcon.colcon_core.event_handler.log_command:Invoked command in '/home/davide/Politecnico Di Torino Studenti Dropbox/Davide Alban/Robotics_project/ros2_quadcopter_ws/src/controller/controller_pkg' returned '0': PYTHONPATH=/home/davide/Politecnico Di Torino Studenti Dropbox/Davide Alban/Robotics_project/ros2_quadcopter_ws/build/controller_pkg/prefix_override:/usr/lib/python3/dist-packages/colcon_core/task/python/colcon_distutils_commands:/home/davide/Politecnico Di Torino Studenti Dropbox/Davide Alban/Robotics_project/ros2_quadcopter_ws/install/controller_pkg/lib/python3.10/site-packages:${PYTHONPATH} /usr/bin/python3 -W ignore:setup.py install is deprecated -W ignore:easy_install command is deprecated setup.py egg_info --egg-base ../../../build/controller_pkg build --build-base /home/davide/Politecnico Di Torino Studenti Dropbox/Davide Alban/Robotics_project/ros2_quadcopter_ws/build/controller_pkg/build install --record /home/davide/Politecnico Di Torino Studenti Dropbox/Davide Alban/Robotics_project/ros2_quadcopter_ws/build/controller_pkg/install.log --single-version-externally-managed install_data
[1.965s] Level 1:colcon.colcon_core.environment:checking '/home/davide/Politecnico Di Torino Studenti Dropbox/Davide Alban/Robotics_project/ros2_quadcopter_ws/install/controller_pkg' for CMake module files
[1.966s] Level 1:colcon.colcon_core.environment:checking '/home/davide/Politecnico Di Torino Studenti Dropbox/Davide Alban/Robotics_project/ros2_quadcopter_ws/install/controller_pkg' for CMake config files
[1.967s] Level 1:colcon.colcon_core.environment:checking '/home/davide/Politecnico Di Torino Studenti Dropbox/Davide Alban/Robotics_project/ros2_quadcopter_ws/install/controller_pkg/lib'
[1.967s] Level 1:colcon.colcon_core.environment:checking '/home/davide/Politecnico Di Torino Studenti Dropbox/Davide Alban/Robotics_project/ros2_quadcopter_ws/install/controller_pkg/bin'
[1.967s] Level 1:colcon.colcon_core.environment:checking '/home/davide/Politecnico Di Torino Studenti Dropbox/Davide Alban/Robotics_project/ros2_quadcopter_ws/install/controller_pkg/lib/pkgconfig/controller_pkg.pc'
[1.967s] Level 1:colcon.colcon_core.environment:checking '/home/davide/Politecnico Di Torino Studenti Dropbox/Davide Alban/Robotics_project/ros2_quadcopter_ws/install/controller_pkg/lib/python3.10/site-packages'
[1.967s] Level 1:colcon.colcon_core.shell:create_environment_hook('controller_pkg', 'pythonpath')
[1.968s] INFO:colcon.colcon_core.shell:Creating environment hook '/home/davide/Politecnico Di Torino Studenti Dropbox/Davide Alban/Robotics_project/ros2_quadcopter_ws/install/controller_pkg/share/controller_pkg/hook/pythonpath.ps1'
[1.968s] INFO:colcon.colcon_core.shell:Creating environment descriptor '/home/davide/Politecnico Di Torino Studenti Dropbox/Davide Alban/Robotics_project/ros2_quadcopter_ws/install/controller_pkg/share/controller_pkg/hook/pythonpath.dsv'
[1.969s] INFO:colcon.colcon_core.shell:Creating environment hook '/home/davide/Politecnico Di Torino Studenti Dropbox/Davide Alban/Robotics_project/ros2_quadcopter_ws/install/controller_pkg/share/controller_pkg/hook/pythonpath.sh'
[1.969s] Level 1:colcon.colcon_core.environment:checking '/home/davide/Politecnico Di Torino Studenti Dropbox/Davide Alban/Robotics_project/ros2_quadcopter_ws/install/controller_pkg/bin'
[1.969s] Level 1:colcon.colcon_core.environment:create_environment_scripts_only(controller_pkg)
[1.970s] INFO:colcon.colcon_core.shell:Creating package script '/home/davide/Politecnico Di Torino Studenti Dropbox/Davide Alban/Robotics_project/ros2_quadcopter_ws/install/controller_pkg/share/controller_pkg/package.ps1'
[1.971s] INFO:colcon.colcon_core.shell:Creating package descriptor '/home/davide/Politecnico Di Torino Studenti Dropbox/Davide Alban/Robotics_project/ros2_quadcopter_ws/install/controller_pkg/share/controller_pkg/package.dsv'
[1.972s] INFO:colcon.colcon_core.shell:Creating package script '/home/davide/Politecnico Di Torino Studenti Dropbox/Davide Alban/Robotics_project/ros2_quadcopter_ws/install/controller_pkg/share/controller_pkg/package.sh'
[1.973s] INFO:colcon.colcon_core.shell:Creating package script '/home/davide/Politecnico Di Torino Studenti Dropbox/Davide Alban/Robotics_project/ros2_quadcopter_ws/install/controller_pkg/share/controller_pkg/package.bash'
[1.974s] INFO:colcon.colcon_core.shell:Creating package script '/home/davide/Politecnico Di Torino Studenti Dropbox/Davide Alban/Robotics_project/ros2_quadcopter_ws/install/controller_pkg/share/controller_pkg/package.zsh'
[1.975s] Level 1:colcon.colcon_core.environment:create_file_with_runtime_dependencies(/home/davide/Politecnico Di Torino Studenti Dropbox/Davide Alban/Robotics_project/ros2_quadcopter_ws/install/controller_pkg/share/colcon-core/packages/controller_pkg)
[3.825s] DEBUG:colcon.colcon_core.event_handler.log_command:Invoked command in '/home/davide/Politecnico Di Torino Studenti Dropbox/Davide Alban/Robotics_project/ros2_quadcopter_ws/build/simple_quad' returned '0': CMAKE_PREFIX_PATH=${CMAKE_PREFIX_PATH}:/home/davide/Politecnico Di Torino Studenti Dropbox/Davide Alban/Robotics_project/ros2_quadcopter_ws/install/tf_transformations:/home/davide/Politecnico Di Torino Studenti Dropbox/Davide Alban/Robotics_project/ros2_quadcopter_ws/install/controller_pkg:/opt/ros/humble /usr/bin/cmake /home/davide/Politecnico Di Torino Studenti Dropbox/Davide Alban/Robotics_project/ros2_quadcopter_ws/src/simple_quadcopter_gazebo -DCMAKE_INSTALL_PREFIX=/home/davide/Politecnico Di Torino Studenti Dropbox/Davide Alban/Robotics_project/ros2_quadcopter_ws/install/simple_quad
[3.827s] DEBUG:colcon.colcon_core.event_handler.log_command:Invoking command in '/home/davide/Politecnico Di Torino Studenti Dropbox/Davide Alban/Robotics_project/ros2_quadcopter_ws/build/simple_quad': CMAKE_PREFIX_PATH=${CMAKE_PREFIX_PATH}:/home/davide/Politecnico Di Torino Studenti Dropbox/Davide Alban/Robotics_project/ros2_quadcopter_ws/install/tf_transformations:/home/davide/Politecnico Di Torino Studenti Dropbox/Davide Alban/Robotics_project/ros2_quadcopter_ws/install/controller_pkg:/opt/ros/humble /usr/bin/cmake --build /home/davide/Politecnico Di Torino Studenti Dropbox/Davide Alban/Robotics_project/ros2_quadcopter_ws/build/simple_quad -- -j8 -l8
[25.913s] DEBUG:colcon.colcon_core.event_handler.log_command:Invoked command in '/home/davide/Politecnico Di Torino Studenti Dropbox/Davide Alban/Robotics_project/ros2_quadcopter_ws/build/simple_quad' returned '0': CMAKE_PREFIX_PATH=${CMAKE_PREFIX_PATH}:/home/davide/Politecnico Di Torino Studenti Dropbox/Davide Alban/Robotics_project/ros2_quadcopter_ws/install/tf_transformations:/home/davide/Politecnico Di Torino Studenti Dropbox/Davide Alban/Robotics_project/ros2_quadcopter_ws/install/controller_pkg:/opt/ros/humble /usr/bin/cmake --build /home/davide/Politecnico Di Torino Studenti Dropbox/Davide Alban/Robotics_project/ros2_quadcopter_ws/build/simple_quad -- -j8 -l8
[25.923s] DEBUG:colcon.colcon_core.event_handler.log_command:Invoking command in '/home/davide/Politecnico Di Torino Studenti Dropbox/Davide Alban/Robotics_project/ros2_quadcopter_ws/build/simple_quad': CMAKE_PREFIX_PATH=${CMAKE_PREFIX_PATH}:/home/davide/Politecnico Di Torino Studenti Dropbox/Davide Alban/Robotics_project/ros2_quadcopter_ws/install/tf_transformations:/home/davide/Politecnico Di Torino Studenti Dropbox/Davide Alban/Robotics_project/ros2_quadcopter_ws/install/controller_pkg:/opt/ros/humble /usr/bin/cmake --install /home/davide/Politecnico Di Torino Studenti Dropbox/Davide Alban/Robotics_project/ros2_quadcopter_ws/build/simple_quad
[25.945s] Level 1:colcon.colcon_core.environment:create_environment_scripts_only(simple_quad)
[25.945s] Level 1:colcon.colcon_core.environment:checking '/home/davide/Politecnico Di Torino Studenti Dropbox/Davide Alban/Robotics_project/ros2_quadcopter_ws/install/simple_quad' for CMake module files
[25.946s] DEBUG:colcon.colcon_core.event_handler.log_command:Invoked command in '/home/davide/Politecnico Di Torino Studenti Dropbox/Davide Alban/Robotics_project/ros2_quadcopter_ws/build/simple_quad' returned '0': CMAKE_PREFIX_PATH=${CMAKE_PREFIX_PATH}:/home/davide/Politecnico Di Torino Studenti Dropbox/Davide Alban/Robotics_project/ros2_quadcopter_ws/install/tf_transformations:/home/davide/Politecnico Di Torino Studenti Dropbox/Davide Alban/Robotics_project/ros2_quadcopter_ws/install/controller_pkg:/opt/ros/humble /usr/bin/cmake --install /home/davide/Politecnico Di Torino Studenti Dropbox/Davide Alban/Robotics_project/ros2_quadcopter_ws/build/simple_quad
[25.946s] Level 1:colcon.colcon_core.environment:checking '/home/davide/Politecnico Di Torino Studenti Dropbox/Davide Alban/Robotics_project/ros2_quadcopter_ws/install/simple_quad' for CMake config files
[25.947s] Level 1:colcon.colcon_core.shell:create_environment_hook('simple_quad', 'cmake_prefix_path')
[25.947s] INFO:colcon.colcon_core.shell:Creating environment hook '/home/davide/Politecnico Di Torino Studenti Dropbox/Davide Alban/Robotics_project/ros2_quadcopter_ws/install/simple_quad/share/simple_quad/hook/cmake_prefix_path.ps1'
[25.948s] INFO:colcon.colcon_core.shell:Creating environment descriptor '/home/davide/Politecnico Di Torino Studenti Dropbox/Davide Alban/Robotics_project/ros2_quadcopter_ws/install/simple_quad/share/simple_quad/hook/cmake_prefix_path.dsv'
[25.948s] INFO:colcon.colcon_core.shell:Creating environment hook '/home/davide/Politecnico Di Torino Studenti Dropbox/Davide Alban/Robotics_project/ros2_quadcopter_ws/install/simple_quad/share/simple_quad/hook/cmake_prefix_path.sh'
[25.949s] Level 1:colcon.colcon_core.environment:checking '/home/davide/Politecnico Di Torino Studenti Dropbox/Davide Alban/Robotics_project/ros2_quadcopter_ws/install/simple_quad/lib'
[25.949s] Level 1:colcon.colcon_core.shell:create_environment_hook('simple_quad', 'ld_library_path_lib')
[25.949s] INFO:colcon.colcon_core.shell:Creating environment hook '/home/davide/Politecnico Di Torino Studenti Dropbox/Davide Alban/Robotics_project/ros2_quadcopter_ws/install/simple_quad/share/simple_quad/hook/ld_library_path_lib.ps1'
[25.950s] INFO:colcon.colcon_core.shell:Creating environment descriptor '/home/davide/Politecnico Di Torino Studenti Dropbox/Davide Alban/Robotics_project/ros2_quadcopter_ws/install/simple_quad/share/simple_quad/hook/ld_library_path_lib.dsv'
[25.950s] INFO:colcon.colcon_core.shell:Creating environment hook '/home/davide/Politecnico Di Torino Studenti Dropbox/Davide Alban/Robotics_project/ros2_quadcopter_ws/install/simple_quad/share/simple_quad/hook/ld_library_path_lib.sh'
[25.950s] Level 1:colcon.colcon_core.environment:checking '/home/davide/Politecnico Di Torino Studenti Dropbox/Davide Alban/Robotics_project/ros2_quadcopter_ws/install/simple_quad/bin'
[25.950s] Level 1:colcon.colcon_core.environment:checking '/home/davide/Politecnico Di Torino Studenti Dropbox/Davide Alban/Robotics_project/ros2_quadcopter_ws/install/simple_quad/lib/pkgconfig/simple_quad.pc'
[25.951s] Level 1:colcon.colcon_core.environment:checking '/home/davide/Politecnico Di Torino Studenti Dropbox/Davide Alban/Robotics_project/ros2_quadcopter_ws/install/simple_quad/lib/python3.10/site-packages'
[25.951s] Level 1:colcon.colcon_core.environment:checking '/home/davide/Politecnico Di Torino Studenti Dropbox/Davide Alban/Robotics_project/ros2_quadcopter_ws/install/simple_quad/bin'
[25.951s] INFO:colcon.colcon_core.shell:Creating package script '/home/davide/Politecnico Di Torino Studenti Dropbox/Davide Alban/Robotics_project/ros2_quadcopter_ws/install/simple_quad/share/simple_quad/package.ps1'
[25.952s] INFO:colcon.colcon_core.shell:Creating package descriptor '/home/davide/Politecnico Di Torino Studenti Dropbox/Davide Alban/Robotics_project/ros2_quadcopter_ws/install/simple_quad/share/simple_quad/package.dsv'
[25.952s] INFO:colcon.colcon_core.shell:Creating package script '/home/davide/Politecnico Di Torino Studenti Dropbox/Davide Alban/Robotics_project/ros2_quadcopter_ws/install/simple_quad/share/simple_quad/package.sh'
[25.953s] INFO:colcon.colcon_core.shell:Creating package script '/home/davide/Politecnico Di Torino Studenti Dropbox/Davide Alban/Robotics_project/ros2_quadcopter_ws/install/simple_quad/share/simple_quad/package.bash'
[25.953s] INFO:colcon.colcon_core.shell:Creating package script '/home/davide/Politecnico Di Torino Studenti Dropbox/Davide Alban/Robotics_project/ros2_quadcopter_ws/install/simple_quad/share/simple_quad/package.zsh'
[25.953s] Level 1:colcon.colcon_core.environment:create_file_with_runtime_dependencies(/home/davide/Politecnico Di Torino Studenti Dropbox/Davide Alban/Robotics_project/ros2_quadcopter_ws/install/simple_quad/share/colcon-core/packages/simple_quad)
[25.954s] Level 1:colcon.colcon_core.environment:create_environment_scripts_only(simple_quad)
[25.954s] Level 1:colcon.colcon_core.environment:checking '/home/davide/Politecnico Di Torino Studenti Dropbox/Davide Alban/Robotics_project/ros2_quadcopter_ws/install/simple_quad' for CMake module files
[25.955s] Level 1:colcon.colcon_core.environment:checking '/home/davide/Politecnico Di Torino Studenti Dropbox/Davide Alban/Robotics_project/ros2_quadcopter_ws/install/simple_quad' for CMake config files
[25.955s] Level 1:colcon.colcon_core.shell:create_environment_hook('simple_quad', 'cmake_prefix_path')
[25.955s] INFO:colcon.colcon_core.shell:Creating environment hook '/home/davide/Politecnico Di Torino Studenti Dropbox/Davide Alban/Robotics_project/ros2_quadcopter_ws/install/simple_quad/share/simple_quad/hook/cmake_prefix_path.ps1'
[25.956s] INFO:colcon.colcon_core.shell:Creating environment descriptor '/home/davide/Politecnico Di Torino Studenti Dropbox/Davide Alban/Robotics_project/ros2_quadcopter_ws/install/simple_quad/share/simple_quad/hook/cmake_prefix_path.dsv'
[25.956s] INFO:colcon.colcon_core.shell:Creating environment hook '/home/davide/Politecnico Di Torino Studenti Dropbox/Davide Alban/Robotics_project/ros2_quadcopter_ws/install/simple_quad/share/simple_quad/hook/cmake_prefix_path.sh'
[25.957s] Level 1:colcon.colcon_core.environment:checking '/home/davide/Politecnico Di Torino Studenti Dropbox/Davide Alban/Robotics_project/ros2_quadcopter_ws/install/simple_quad/lib'
[25.957s] Level 1:colcon.colcon_core.shell:create_environment_hook('simple_quad', 'ld_library_path_lib')
[25.957s] INFO:colcon.colcon_core.shell:Creating environment hook '/home/davide/Politecnico Di Torino Studenti Dropbox/Davide Alban/Robotics_project/ros2_quadcopter_ws/install/simple_quad/share/simple_quad/hook/ld_library_path_lib.ps1'
[25.957s] INFO:colcon.colcon_core.shell:Creating environment descriptor '/home/davide/Politecnico Di Torino Studenti Dropbox/Davide Alban/Robotics_project/ros2_quadcopter_ws/install/simple_quad/share/simple_quad/hook/ld_library_path_lib.dsv'
[25.958s] INFO:colcon.colcon_core.shell:Creating environment hook '/home/davide/Politecnico Di Torino Studenti Dropbox/Davide Alban/Robotics_project/ros2_quadcopter_ws/install/simple_quad/share/simple_quad/hook/ld_library_path_lib.sh'
[25.958s] Level 1:colcon.colcon_core.environment:checking '/home/davide/Politecnico Di Torino Studenti Dropbox/Davide Alban/Robotics_project/ros2_quadcopter_ws/install/simple_quad/bin'
[25.958s] Level 1:colcon.colcon_core.environment:checking '/home/davide/Politecnico Di Torino Studenti Dropbox/Davide Alban/Robotics_project/ros2_quadcopter_ws/install/simple_quad/lib/pkgconfig/simple_quad.pc'
[25.958s] Level 1:colcon.colcon_core.environment:checking '/home/davide/Politecnico Di Torino Studenti Dropbox/Davide Alban/Robotics_project/ros2_quadcopter_ws/install/simple_quad/lib/python3.10/site-packages'
[25.959s] Level 1:colcon.colcon_core.environment:checking '/home/davide/Politecnico Di Torino Studenti Dropbox/Davide Alban/Robotics_project/ros2_quadcopter_ws/install/simple_quad/bin'
[25.959s] INFO:colcon.colcon_core.shell:Creating package script '/home/davide/Politecnico Di Torino Studenti Dropbox/Davide Alban/Robotics_project/ros2_quadcopter_ws/install/simple_quad/share/simple_quad/package.ps1'
[25.960s] INFO:colcon.colcon_core.shell:Creating package descriptor '/home/davide/Politecnico Di Torino Studenti Dropbox/Davide Alban/Robotics_project/ros2_quadcopter_ws/install/simple_quad/share/simple_quad/package.dsv'
[25.960s] INFO:colcon.colcon_core.shell:Creating package script '/home/davide/Politecnico Di Torino Studenti Dropbox/Davide Alban/Robotics_project/ros2_quadcopter_ws/install/simple_quad/share/simple_quad/package.sh'
[25.961s] INFO:colcon.colcon_core.shell:Creating package script '/home/davide/Politecnico Di Torino Studenti Dropbox/Davide Alban/Robotics_project/ros2_quadcopter_ws/install/simple_quad/share/simple_quad/package.bash'
[25.961s] INFO:colcon.colcon_core.shell:Creating package script '/home/davide/Politecnico Di Torino Studenti Dropbox/Davide Alban/Robotics_project/ros2_quadcopter_ws/install/simple_quad/share/simple_quad/package.zsh'
[25.961s] Level 1:colcon.colcon_core.environment:create_file_with_runtime_dependencies(/home/davide/Politecnico Di Torino Studenti Dropbox/Davide Alban/Robotics_project/ros2_quadcopter_ws/install/simple_quad/share/colcon-core/packages/simple_quad)
[25.962s] DEBUG:colcon.colcon_parallel_executor.executor.parallel:closing loop
[25.962s] DEBUG:colcon.colcon_parallel_executor.executor.parallel:loop closed
[25.962s] DEBUG:colcon.colcon_parallel_executor.executor.parallel:run_until_complete finished with '0'
[25.962s] DEBUG:colcon.colcon_core.event_reactor:joining thread
[25.968s] INFO:colcon.colcon_core.plugin_system:Skipping extension 'colcon_notification.desktop_notification.terminal_notifier': Not used on non-Darwin systems
[25.968s] INFO:colcon.colcon_core.plugin_system:Skipping extension 'colcon_notification.desktop_notification.win32': Not used on non-Windows systems
[25.968s] INFO:colcon.colcon_notification.desktop_notification:Sending desktop notification using 'notify2'
[25.975s] DEBUG:colcon.colcon_core.event_reactor:joined thread
[25.976s] INFO:colcon.colcon_core.shell:Creating prefix script '/home/davide/Politecnico Di Torino Studenti Dropbox/Davide Alban/Robotics_project/ros2_quadcopter_ws/install/local_setup.ps1'
[25.977s] INFO:colcon.colcon_core.shell:Creating prefix util module '/home/davide/Politecnico Di Torino Studenti Dropbox/Davide Alban/Robotics_project/ros2_quadcopter_ws/install/_local_setup_util_ps1.py'
[25.979s] INFO:colcon.colcon_core.shell:Creating prefix chain script '/home/davide/Politecnico Di Torino Studenti Dropbox/Davide Alban/Robotics_project/ros2_quadcopter_ws/install/setup.ps1'
[25.980s] INFO:colcon.colcon_core.shell:Creating prefix script '/home/davide/Politecnico Di Torino Studenti Dropbox/Davide Alban/Robotics_project/ros2_quadcopter_ws/install/local_setup.sh'
[25.981s] INFO:colcon.colcon_core.shell:Creating prefix util module '/home/davide/Politecnico Di Torino Studenti Dropbox/Davide Alban/Robotics_project/ros2_quadcopter_ws/install/_local_setup_util_sh.py'
[25.982s] INFO:colcon.colcon_core.shell:Creating prefix chain script '/home/davide/Politecnico Di Torino Studenti Dropbox/Davide Alban/Robotics_project/ros2_quadcopter_ws/install/setup.sh'
[25.984s] INFO:colcon.colcon_core.shell:Creating prefix script '/home/davide/Politecnico Di Torino Studenti Dropbox/Davide Alban/Robotics_project/ros2_quadcopter_ws/install/local_setup.bash'
[25.985s] INFO:colcon.colcon_core.shell:Creating prefix chain script '/home/davide/Politecnico Di Torino Studenti Dropbox/Davide Alban/Robotics_project/ros2_quadcopter_ws/install/setup.bash'
[25.987s] INFO:colcon.colcon_core.shell:Creating prefix script '/home/davide/Politecnico Di Torino Studenti Dropbox/Davide Alban/Robotics_project/ros2_quadcopter_ws/install/local_setup.zsh'
[25.988s] INFO:colcon.colcon_core.shell:Creating prefix chain script '/home/davide/Politecnico Di Torino Studenti Dropbox/Davide Alban/Robotics_project/ros2_quadcopter_ws/install/setup.zsh'
